Using pre-set license
Built from '2022.3/staging' branch; Version is '2022.3.17f1 (4fc78088f837) revision 5228416'; Using compiler version '192829333'; Build Type 'Release'
OS: 'Windows 11  (10.0.26100) 64bit Professional' Language: 'es' Physical Memory: 32454 MB
BatchMode: 1, IsHumanControllingUs: 0, StartBugReporterOnCrash: 0, Is64bit: 1, IsPro: 1

COMMAND LINE ARGUMENTS:
C:\Program Files\Unity\Hub\Editor\2022.3.17f1\Editor\Unity.exe
-adb2
-batchMode
-noUpm
-name
AssetImportWorker2
-projectPath
C:/Users/adrig/Documents/GitHub/BalanceThemedGame/BalanceGame
-logFile
Logs/AssetImportWorker2.log
-srvPort
53418
Successfully changed project path to: C:/Users/adrig/Documents/GitHub/BalanceThemedGame/BalanceGame
C:/Users/adrig/Documents/GitHub/BalanceThemedGame/BalanceGame
[UnityMemory] Configuration Parameters - Can be set up in boot.config
    "memorysetup-bucket-allocator-granularity=16"
    "memorysetup-bucket-allocator-bucket-count=8"
    "memorysetup-bucket-allocator-block-size=33554432"
    "memorysetup-bucket-allocator-block-count=8"
    "memorysetup-main-allocator-block-size=16777216"
    "memorysetup-thread-allocator-block-size=16777216"
    "memorysetup-gfx-main-allocator-block-size=16777216"
    "memorysetup-gfx-thread-allocator-block-size=16777216"
    "memorysetup-cache-allocator-block-size=4194304"
    "memorysetup-typetree-allocator-block-size=2097152"
    "memorysetup-profiler-bucket-allocator-granularity=16"
    "memorysetup-profiler-bucket-allocator-bucket-count=8"
    "memorysetup-profiler-bucket-allocator-block-size=33554432"
    "memorysetup-profiler-bucket-allocator-block-count=8"
    "memorysetup-profiler-allocator-block-size=16777216"
    "memorysetup-profiler-editor-allocator-block-size=1048576"
    "memorysetup-temp-allocator-size-main=16777216"
    "memorysetup-job-temp-allocator-block-size=2097152"
    "memorysetup-job-temp-allocator-block-size-background=1048576"
    "memorysetup-job-temp-allocator-reduction-small-platforms=262144"
    "memorysetup-allocator-temp-initial-block-size-main=262144"
    "memorysetup-allocator-temp-initial-block-size-worker=262144"
    "memorysetup-temp-allocator-size-background-worker=32768"
    "memorysetup-temp-allocator-size-job-worker=262144"
    "memorysetup-temp-allocator-size-preload-manager=33554432"
    "memorysetup-temp-allocator-size-nav-mesh-worker=65536"
    "memorysetup-temp-allocator-size-audio-worker=65536"
    "memorysetup-temp-allocator-size-cloud-worker=32768"
    "memorysetup-temp-allocator-size-gi-baking-worker=262144"
    "memorysetup-temp-allocator-size-gfx=262144"
Player connection [15320] Host "[IP] 192.168.68.105 [Port] 0 [Flags] 2 [Guid] 1157918241 [EditorId] 1157918241 [Version] 1048832 [Id] WindowsEditor(7,Port_Adri9) [Debug] 1 [PackageName] WindowsEditor [ProjectName] Editor" joined multi-casting on [225.0.0.222:54997]...

Player connection [15320] Host "[IP] 192.168.68.105 [Port] 0 [Flags] 2 [Guid] 1157918241 [EditorId] 1157918241 [Version] 1048832 [Id] WindowsEditor(7,Port_Adri9) [Debug] 1 [PackageName] WindowsEditor [ProjectName] Editor" joined alternative multi-casting on [225.0.0.222:34997]...

[Physics::Module] Initialized MultithreadedJobDispatcher with 15 workers.
Refreshing native plugins compatible for Editor in 13.96 ms, found 4 plugins.
Preloading 0 native plugins for Editor in 0.00 ms.
Initialize engine version: 2022.3.17f1 (4fc78088f837)
[Subsystems] Discovering subsystems at path C:/Program Files/Unity/Hub/Editor/2022.3.17f1/Editor/Data/Resources/UnitySubsystems
[Subsystems] Discovering subsystems at path C:/Users/adrig/Documents/GitHub/BalanceThemedGame/BalanceGame/Assets
GfxDevice: creating device client; threaded=0; jobified=0
Direct3D:
    Version:  Direct3D 11.0 [level 11.1]
    Renderer: NVIDIA GeForce RTX 4060 Laptop GPU (ID=0x28a0)
    Vendor:   NVIDIA
    VRAM:     7971 MB
    Driver:   31.0.15.2758
Initialize mono
Mono path[0] = 'C:/Program Files/Unity/Hub/Editor/2022.3.17f1/Editor/Data/Managed'
Mono path[1] = 'C:/Program Files/Unity/Hub/Editor/2022.3.17f1/Editor/Data/MonoBleedingEdge/lib/mono/unityjit-win32'
Mono config path = 'C:/Program Files/Unity/Hub/Editor/2022.3.17f1/Editor/Data/MonoBleedingEdge/etc'
Using monoOptions --debugger-agent=transport=dt_socket,embedding=1,server=y,suspend=n,address=127.0.0.1:56216
Begin MonoManager ReloadAssembly
Registering precompiled unity dll's ...
Register platform support module: C:/Program Files/Unity/Hub/Editor/2022.3.17f1/Editor/Data/PlaybackEngines/WebGLSupport/UnityEditor.WebGL.Extensions.dll
Register platform support module: C:/Program Files/Unity/Hub/Editor/2022.3.17f1/Editor/Data/PlaybackEngines/WindowsStandaloneSupport/UnityEditor.WindowsStandalone.Extensions.dll
Registered in 0.009729 seconds.
- Loaded All Assemblies, in  0.403 seconds
Native extension for WindowsStandalone target not found
Native extension for WebGL target not found
Mono: successfully reloaded assembly
- Finished resetting the current domain, in  0.287 seconds
Domain Reload Profiling: 689ms
	BeginReloadAssembly (111ms)
		ExecutionOrderSort (0ms)
		DisableScriptedObjects (0ms)
		BackupInstance (0ms)
		ReleaseScriptingObjects (0ms)
		CreateAndSetChildDomain (1ms)
	RebuildCommonClasses (34ms)
	RebuildNativeTypeToScriptingClass (10ms)
	initialDomainReloadingComplete (71ms)
	LoadAllAssembliesAndSetupDomain (175ms)
		LoadAssemblies (109ms)
		RebuildTransferFunctionScriptingTraits (0ms)
		AnalyzeDomain (172ms)
			TypeCache.Refresh (170ms)
				TypeCache.ScanAssembly (156ms)
			ScanForSourceGeneratedMonoScriptInfo (0ms)
			ResolveRequiredComponents (0ms)
	FinalizeReload (288ms)
		ReleaseScriptCaches (0ms)
		RebuildScriptCaches (0ms)
		SetupLoadedEditorAssemblies (227ms)
			LogAssemblyErrors (0ms)
			InitializePlatformSupportModulesInManaged (11ms)
			SetLoadedEditorAssemblies (7ms)
			RefreshPlugins (0ms)
			BeforeProcessingInitializeOnLoad (3ms)
			ProcessInitializeOnLoadAttributes (156ms)
			ProcessInitializeOnLoadMethodAttributes (50ms)
			AfterProcessingInitializeOnLoad (0ms)
			EditorAssembliesLoaded (0ms)
		ExecutionOrderSort2 (0ms)
		AwakeInstancesAfterBackupRestoration (0ms)
========================================================================
Worker process is ready to serve import requests
Begin MonoManager ReloadAssembly
- Loaded All Assemblies, in  0.739 seconds
Refreshing native plugins compatible for Editor in 4.50 ms, found 4 plugins.
Native extension for WindowsStandalone target not found
Native extension for WebGL target not found
Mono: successfully reloaded assembly
- Finished resetting the current domain, in  0.705 seconds
Domain Reload Profiling: 1441ms
	BeginReloadAssembly (206ms)
		ExecutionOrderSort (0ms)
		DisableScriptedObjects (5ms)
		BackupInstance (0ms)
		ReleaseScriptingObjects (0ms)
		CreateAndSetChildDomain (33ms)
	RebuildCommonClasses (49ms)
	RebuildNativeTypeToScriptingClass (10ms)
	initialDomainReloadingComplete (51ms)
	LoadAllAssembliesAndSetupDomain (418ms)
		LoadAssemblies (344ms)
		RebuildTransferFunctionScriptingTraits (0ms)
		AnalyzeDomain (196ms)
			TypeCache.Refresh (171ms)
				TypeCache.ScanAssembly (155ms)
			ScanForSourceGeneratedMonoScriptInfo (20ms)
			ResolveRequiredComponents (4ms)
	FinalizeReload (706ms)
		ReleaseScriptCaches (0ms)
		RebuildScriptCaches (0ms)
		SetupLoadedEditorAssemblies (542ms)
			LogAssemblyErrors (0ms)
			InitializePlatformSupportModulesInManaged (9ms)
			SetLoadedEditorAssemblies (5ms)
			RefreshPlugins (0ms)
			BeforeProcessingInitializeOnLoad (90ms)
			ProcessInitializeOnLoadAttributes (390ms)
			ProcessInitializeOnLoadMethodAttributes (41ms)
			AfterProcessingInitializeOnLoad (7ms)
			EditorAssembliesLoaded (0ms)
		ExecutionOrderSort2 (0ms)
		AwakeInstancesAfterBackupRestoration (7ms)
Launched and connected shader compiler UnityShaderCompiler.exe after 0.09 seconds
Refreshing native plugins compatible for Editor in 7.47 ms, found 4 plugins.
Preloading 0 native plugins for Editor in 0.00 ms.
Unloading 4079 Unused Serialized files (Serialized files now loaded: 0)
Unloading 68 unused Assets / (244.8 KB). Loaded Objects now: 4535.
Memory consumption went from 150.0 MB to 149.8 MB.
Total: 4.533400 ms (FindLiveObjects: 0.245600 ms CreateObjectMapping: 0.129300 ms MarkObjects: 3.895800 ms  DeleteObjects: 0.261400 ms)

AssetImportParameters requested are different than current active one (requested -> active):
  custom:container-demuxer-ogg: 62fdf1f143b41e24485cea50d1cbac27 -> 
  custom:video-codec-MediaFoundation-h265: 746d11721c4dcdbdad8f713fa42b33f4 -> 
  custom:video-decoder-ogg-theora: a1e56fd34408186e4bbccfd4996cb3dc -> 
  custom:framework-win-MediaFoundation: 216162199b28c13a410421893ffa2e32 -> 
  custom:CustomObjectIndexerAttribute: 6d391050e5a25f67b0a2c618074f2cd9 -> 
  custom:container-demuxer-webm: 4f35f7cbe854078d1ac9338744f61a02 -> 
  custom:container-muxer-webm: aa71ff27fc2769a1b78a27578f13a17b -> 
  custom:video-decoder-webm-vp8: 9c59270c3fd7afecdb556c50c9e8de78 -> 
  custom:SearchIndexIgnoredProperties: e643bd26f0fe6173181afceb89e7c659 -> 
  custom:AudioImporter_EditorPlatform: d09bf68614088b80899f8185d706f6e7 -> 
  custom:video-encoder-webm-vp8: eb34c28f22e8b96e1ab97ce403110664 -> 
  custom:audio-decoder-ogg-vorbis: bf7c407c2cedff20999df2af8eb42d56 -> 
  custom:audio-encoder-webm-vorbis: bf7c407c2cedff20999df2af8eb42d56 -> 
========================================================================
Received Import Request.
  Time since last request: 339791.419789 seconds.
  path: Assets/Sprites/Player/pixil-layer-0.png
  artifactKey: Guid(48566e6a6d8c8f84bb948bcc208ea90b) Importer(815301076,1909f56bfc062723c751e8b465ee728b)
Start importing Assets/Sprites/Player/pixil-layer-0.png using Guid(48566e6a6d8c8f84bb948bcc208ea90b) Importer(815301076,1909f56bfc062723c751e8b465ee728b)  -> (artifact id: '041ac05da1c47998cff1caace5f0ac4a') in 0.108665 seconds
Number of updated asset objects reloaded before import = 0
Number of asset objects unloaded after import = 3
========================================================================
Received Import Request.
  Time since last request: 8.619070 seconds.
  path: Assets/Sprites/Player/pixil-layer-0.png
  artifactKey: Guid(48566e6a6d8c8f84bb948bcc208ea90b) Importer(815301076,1909f56bfc062723c751e8b465ee728b)
Start importing Assets/Sprites/Player/pixil-layer-0.png using Guid(48566e6a6d8c8f84bb948bcc208ea90b) Importer(815301076,1909f56bfc062723c751e8b465ee728b)  -> (artifact id: '9e7e9d4369068c4cf3d4cf655ccd77a3') in 0.020603 seconds
Number of updated asset objects reloaded before import = 0
Number of asset objects unloaded after import = 3
========================================================================
Received Import Request.
  Time since last request: 10.095136 seconds.
  path: Assets/Sprites/Player/pixil-layer-0.png
  artifactKey: Guid(48566e6a6d8c8f84bb948bcc208ea90b) Importer(815301076,1909f56bfc062723c751e8b465ee728b)
Start importing Assets/Sprites/Player/pixil-layer-0.png using Guid(48566e6a6d8c8f84bb948bcc208ea90b) Importer(815301076,1909f56bfc062723c751e8b465ee728b)  -> (artifact id: 'e17d77102790255cb130ba705f7ab28f') in 0.026278 seconds
Number of updated asset objects reloaded before import = 0
Number of asset objects unloaded after import = 3
========================================================================
Received Import Request.
  Time since last request: 6.517413 seconds.
  path: Assets/Sprites/Player/pixil-layer-0.png
  artifactKey: Guid(48566e6a6d8c8f84bb948bcc208ea90b) Importer(815301076,1909f56bfc062723c751e8b465ee728b)
Start importing Assets/Sprites/Player/pixil-layer-0.png using Guid(48566e6a6d8c8f84bb948bcc208ea90b) Importer(815301076,1909f56bfc062723c751e8b465ee728b)  -> (artifact id: 'f7b5f0d91faeb53612f6c9afb6b557c6') in 0.027075 seconds
Number of updated asset objects reloaded before import = 0
Number of asset objects unloaded after import = 3
========================================================================
Received Import Request.
  Time since last request: 23.583824 seconds.
  path: Assets/Sprites/Player/pixil-layer-1.png
  artifactKey: Guid(9c934516915eea249b077e9b8428e48d) Importer(815301076,1909f56bfc062723c751e8b465ee728b)
Start importing Assets/Sprites/Player/pixil-layer-1.png using Guid(9c934516915eea249b077e9b8428e48d) Importer(815301076,1909f56bfc062723c751e8b465ee728b)  -> (artifact id: '690c63b35c81b9efb072751fc13a2449') in 0.026024 seconds
Number of updated asset objects reloaded before import = 0
Number of asset objects unloaded after import = 3
========================================================================
Received Import Request.
  Time since last request: 3.234023 seconds.
  path: Assets/Sprites/Player/pixil-layer-2.png
  artifactKey: Guid(c72ccf2f7fb2a4d4eb8447c0419484a4) Importer(815301076,1909f56bfc062723c751e8b465ee728b)
Start importing Assets/Sprites/Player/pixil-layer-2.png using Guid(c72ccf2f7fb2a4d4eb8447c0419484a4) Importer(815301076,1909f56bfc062723c751e8b465ee728b)  -> (artifact id: 'e4e2a15a58fe7c9b41f77d01150c116d') in 0.023543 seconds
Number of updated asset objects reloaded before import = 0
Number of asset objects unloaded after import = 3
========================================================================
Received Import Request.
  Time since last request: 56.792258 seconds.
  path: Assets/Sprites/Player/Player.png
  artifactKey: Guid(48566e6a6d8c8f84bb948bcc208ea90b) Importer(815301076,1909f56bfc062723c751e8b465ee728b)
Start importing Assets/Sprites/Player/Player.png using Guid(48566e6a6d8c8f84bb948bcc208ea90b) Importer(815301076,1909f56bfc062723c751e8b465ee728b)  -> (artifact id: '74475c50bcb79d05bc625e907dff54ad') in 0.021389 seconds
Number of updated asset objects reloaded before import = 0
Number of asset objects unloaded after import = 3
========================================================================
Received Import Request.
  Time since last request: 5.523192 seconds.
  path: Assets/Sprites/Player/Arm.png
  artifactKey: Guid(9c934516915eea249b077e9b8428e48d) Importer(815301076,1909f56bfc062723c751e8b465ee728b)
Start importing Assets/Sprites/Player/Arm.png using Guid(9c934516915eea249b077e9b8428e48d) Importer(815301076,1909f56bfc062723c751e8b465ee728b)  -> (artifact id: 'e59a479fd9c4aa07184e9bfc7d0a26aa') in 0.024567 seconds
Number of updated asset objects reloaded before import = 0
Number of asset objects unloaded after import = 3
========================================================================
Received Import Request.
  Time since last request: 5.592982 seconds.
  path: Assets/Sprites/Player/Fist.png
  artifactKey: Guid(c72ccf2f7fb2a4d4eb8447c0419484a4) Importer(815301076,1909f56bfc062723c751e8b465ee728b)
Start importing Assets/Sprites/Player/Fist.png using Guid(c72ccf2f7fb2a4d4eb8447c0419484a4) Importer(815301076,1909f56bfc062723c751e8b465ee728b)  -> (artifact id: 'ecee1fa9bbdaa04759f85b4f1011a426') in 0.028590 seconds
Number of updated asset objects reloaded before import = 0
Number of asset objects unloaded after import = 3
========================================================================
Received Import Request.
  Time since last request: 209.330904 seconds.
  path: Assets/Sprites/Characters
  artifactKey: Guid(3e45850c75172b1449c20dc002973b78) Importer(815301076,1909f56bfc062723c751e8b465ee728b)
Start importing Assets/Sprites/Characters using Guid(3e45850c75172b1449c20dc002973b78) Importer(815301076,1909f56bfc062723c751e8b465ee728b)  -> (artifact id: 'e8c18f4b812189a7f0dca37df6904bb5') in 0.000912 seconds
Number of updated asset objects reloaded before import = 0
Number of asset objects unloaded after import = 0
========================================================================
Received Import Request.
  Time since last request: 397.504619 seconds.
  path: Assets/Sprites/Characters/Enemy0.png
  artifactKey: Guid(63559d95a981ef34481ac91d830d1bee) Importer(815301076,1909f56bfc062723c751e8b465ee728b)
Start importing Assets/Sprites/Characters/Enemy0.png using Guid(63559d95a981ef34481ac91d830d1bee) Importer(815301076,1909f56bfc062723c751e8b465ee728b)  -> (artifact id: '90b6d40e97a15c67affc3730666a3a90') in 0.027515 seconds
Number of updated asset objects reloaded before import = 0
Number of asset objects unloaded after import = 3
========================================================================
Received Import Request.
  Time since last request: 0.003806 seconds.
  path: Assets/Sprites/Characters/Enemy1.png
  artifactKey: Guid(5a96b5a505ba7594690faa1115413a38) Importer(815301076,1909f56bfc062723c751e8b465ee728b)
Start importing Assets/Sprites/Characters/Enemy1.png using Guid(5a96b5a505ba7594690faa1115413a38) Importer(815301076,1909f56bfc062723c751e8b465ee728b)  -> (artifact id: '44b741b53df9582148e0592754cea215') in 0.026003 seconds
Number of updated asset objects reloaded before import = 0
Number of asset objects unloaded after import = 3
========================================================================
Received Import Request.
  Time since last request: 0.000111 seconds.
  path: Assets/Sprites/Characters/Enemy2.png
  artifactKey: Guid(e1700714609e48d4d85b87cc96a41230) Importer(815301076,1909f56bfc062723c751e8b465ee728b)
Start importing Assets/Sprites/Characters/Enemy2.png using Guid(e1700714609e48d4d85b87cc96a41230) Importer(815301076,1909f56bfc062723c751e8b465ee728b)  -> (artifact id: '7de1c188007a2dea8cb90b9c7b6873c9') in 0.022301 seconds
Number of updated asset objects reloaded before import = 0
Number of asset objects unloaded after import = 3
========================================================================
Received Import Request.
  Time since last request: 0.000020 seconds.
  path: Assets/Sprites/Characters/Player_Arm.png
  artifactKey: Guid(78124b472a0399f49aacbd847a6d96f2) Importer(815301076,1909f56bfc062723c751e8b465ee728b)
Start importing Assets/Sprites/Characters/Player_Arm.png using Guid(78124b472a0399f49aacbd847a6d96f2) Importer(815301076,1909f56bfc062723c751e8b465ee728b)  -> (artifact id: 'a4c26be639b6af63a41a198a9d5d6eb6') in 0.022045 seconds
Number of updated asset objects reloaded before import = 0
Number of asset objects unloaded after import = 3
========================================================================
Received Import Request.
  Time since last request: 18.730744 seconds.
  path: Assets/Sprites/Characters/Enemy0.png
  artifactKey: Guid(63559d95a981ef34481ac91d830d1bee) Importer(815301076,1909f56bfc062723c751e8b465ee728b)
Start importing Assets/Sprites/Characters/Enemy0.png using Guid(63559d95a981ef34481ac91d830d1bee) Importer(815301076,1909f56bfc062723c751e8b465ee728b)  -> (artifact id: '0cf52ec524c08251d7f72c9c61edff12') in 0.025675 seconds
Number of updated asset objects reloaded before import = 0
Number of asset objects unloaded after import = 3
========================================================================
Received Import Request.
  Time since last request: 0.000028 seconds.
  path: Assets/Sprites/Characters/Enemy2.png
  artifactKey: Guid(e1700714609e48d4d85b87cc96a41230) Importer(815301076,1909f56bfc062723c751e8b465ee728b)
Start importing Assets/Sprites/Characters/Enemy2.png using Guid(e1700714609e48d4d85b87cc96a41230) Importer(815301076,1909f56bfc062723c751e8b465ee728b)  -> (artifact id: 'a1f461e11fc2409182afd7d99667ca98') in 0.025861 seconds
Number of updated asset objects reloaded before import = 0
Number of asset objects unloaded after import = 3
========================================================================
Received Import Request.
  Time since last request: 0.000128 seconds.
  path: Assets/Sprites/Characters/Enemy2_Arm.png
  artifactKey: Guid(e9a587de4d76bc44cb164b52232a6707) Importer(815301076,1909f56bfc062723c751e8b465ee728b)
Start importing Assets/Sprites/Characters/Enemy2_Arm.png using Guid(e9a587de4d76bc44cb164b52232a6707) Importer(815301076,1909f56bfc062723c751e8b465ee728b)  -> (artifact id: '1c24d12d601e9ca29d2ccb9fee26b989') in 0.022373 seconds
Number of updated asset objects reloaded before import = 0
Number of asset objects unloaded after import = 3
========================================================================
Received Import Request.
  Time since last request: 25.714499 seconds.
  path: Assets/Sprites/Characters/Enemy0.png
  artifactKey: Guid(63559d95a981ef34481ac91d830d1bee) Importer(815301076,1909f56bfc062723c751e8b465ee728b)
Start importing Assets/Sprites/Characters/Enemy0.png using Guid(63559d95a981ef34481ac91d830d1bee) Importer(815301076,1909f56bfc062723c751e8b465ee728b)  -> (artifact id: 'ffd2969115872ae2b0fe70058c32d6b3') in 0.029234 seconds
Number of updated asset objects reloaded before import = 0
Number of asset objects unloaded after import = 3
========================================================================
Received Import Request.
  Time since last request: 0.004360 seconds.
  path: Assets/Sprites/Characters/Enemy1_Arm.png
  artifactKey: Guid(5dc17983f70acc043afeed7d657bed54) Importer(815301076,1909f56bfc062723c751e8b465ee728b)
Start importing Assets/Sprites/Characters/Enemy1_Arm.png using Guid(5dc17983f70acc043afeed7d657bed54) Importer(815301076,1909f56bfc062723c751e8b465ee728b)  -> (artifact id: '3a9b7ffb8a4b973b8abaa7010933d779') in 0.028536 seconds
Number of updated asset objects reloaded before import = 0
Number of asset objects unloaded after import = 3
Editor requested this worker to shutdown with reason: Scaling down because of idle timeout
TcpMessagingSession - receive error: operation aborted. errorcode: 995, details: La operación de E/S se anuló por una salida de subproceso o por una solicitud de aplicación.
AssetImportWorker is now disconnected from the server
Process exiting
Exiting without the bug reporter. Application will terminate with return code 0